<?xml version="1.0" encoding="UTF-8"?>
<!-- Generated by org.testng.reporters.JUnitReportReporter -->
<testsuite hostname="Dilanino" failures="0" tests="1" name="co.latam.booking.test.CP_1_SearchFlight" time="5.863" errors="0" timestamp="21 abr. 2018 23:29:48 GMT+00:00" skipped="0">
  <testcase classname="co.latam.booking.test.CP_1_SearchFlight" name="searchFlightTest" time="5.863"/>
</testsuite> <!-- co.latam.booking.test.CP_1_SearchFlight -->
