<?xml version="1.0" encoding="UTF-8"?>
<!-- Generated by org.testng.reporters.JUnitReportReporter -->
<testsuite hostname="Dilanino" failures="0" tests="1" name="co.facebook.test.CP_1_Login" time="11.001" errors="0" timestamp="22 abr. 2018 02:12:51 GMT+00:00" skipped="0">
  <testcase classname="co.facebook.test.CP_1_Login" name="searchFlightTest" time="11.001"/>
</testsuite> <!-- co.facebook.test.CP_1_Login -->
